<?xml version="1.0" encoding="UTF-8"?>
<testsuite name="KaiLibraryTest" tests="7" skipped="0" failures="0" errors="0" timestamp="2025-09-13T00:28:33" hostname="Perrys-Mac-Studio.local" time="0.033">
  <properties/>
  <testcase name="testCalculatorTool()" classname="KaiLibraryTest" time="0.019"/>
  <testcase name="testBasicAgent()" classname="KaiLibraryTest" time="0.002"/>
  <testcase name="testAgentBuilder()" classname="KaiLibraryTest" time="0.001"/>
  <testcase name="testMemoryManagement()" classname="KaiLibraryTest" time="0.001"/>
  <testcase name="testDirectPropertyAccess()" classname="KaiLibraryTest" time="0.001"/>
  <testcase name="testDirectToolExecution()" classname="KaiLibraryTest" time="0.001"/>
  <testcase name="testDateTimeTool()" classname="KaiLibraryTest" time="0.006"/>
  <system-out><![CDATA[]]></system-out>
  <system-err><![CDATA[]]></system-err>
</testsuite>
