<?xml version="1.0" encoding="UTF-8"?>
<testsuite name="kai.VerificationTest" tests="1" skipped="0" failures="0" errors="0" timestamp="2025-09-12T23:11:26.572Z" hostname="Perrys-Mac-Studio.local" time="0.002">
  <properties/>
  <testcase name="verify complete library functionality" classname="kai.VerificationTest" time="0.002"/>
  <system-out><![CDATA[âœ… All library functionality verified successfully!
]]></system-out>
  <system-err><![CDATA[]]></system-err>
</testsuite>
