<?xml version="1.0" encoding="UTF-8"?>
<testsuite name="kai.AgentTest" tests="3" skipped="0" failures="0" errors="0" timestamp="2025-09-12T23:11:26.454Z" hostname="Perrys-Mac-Studio.local" time="0.059">
  <properties/>
  <testcase name="agent should remember notes" classname="kai.AgentTest" time="0.055"/>
  <testcase name="agent should store messages in memory" classname="kai.AgentTest" time="0.003"/>
  <testcase name="agent should use tools" classname="kai.AgentTest" time="0.001"/>
  <system-out><![CDATA[]]></system-out>
  <system-err><![CDATA[]]></system-err>
</testsuite>
